#
# A fatal error has been detected by the Java Runtime Environment:
#
#  EXCEPTION_ACCESS_VIOLATION (0xc0000005) at pc=0x000000006ac8d028, pid=16540, tid=15536
#
# JRE version: Java(TM) SE Runtime Environment (8.0_60-b27) (build 1.8.0_60-b27)
# Java VM: Java HotSpot(TM) 64-Bit Server VM (25.60-b23 mixed mode windows-amd64 compressed oops)
# Problematic frame:
# V  [jvm.dll+0x14d028]
#
# Failed to write core dump. Minidumps are not enabled by default on client versions of Windows
#
# If you would like to submit a bug report, please visit:
#   http://bugreport.java.com/bugreport/crash.jsp
# The crash happened outside the Java Virtual Machine in native code.
# See problematic frame for where to report the bug.
#

---------------  T H R E A D  ---------------

Current thread (0x0000000019b4b000):  JavaThread "Thread-2" [_thread_in_native, id=15536, stack(0x0000000020940000,0x0000000020a40000)]

siginfo: ExceptionCode=0xc0000005, reading address 0x0000000000000010

Registers:
RAX=0x00000000177a4a18, RBX=0x0000000019fba800, RCX=0x0000000020a3edf8, RDX=0x0000000000000000
RSP=0x0000000020a3eda0, RBP=0x0000000020a3ee98, RSI=0x0000000019b20fa0, RDI=0x0000000000000000
R8 =0x0000000000000000, R9 =0x0000000019c9c730, R10=0x0000000019fba800, R11=0x0000000000000246
R12=0x0000000019fba9f8, R13=0x00000000198ee99e, R14=0x0000000000000437, R15=0x0000000020a3ef50
RIP=0x000000006ac8d028, EFLAGS=0x0000000000010202

Top of Stack: (sp=0x0000000020a3eda0)
0x0000000020a3eda0:   0000000000000000 0000000019fba800
0x0000000020a3edb0:   00000000d7741220 0000000019fba800
0x0000000020a3edc0:   0000000017756a70 0000000020a3ee18
0x0000000020a3edd0:   0000000019fba800 0000000000000437
0x0000000020a3ede0:   0000000020a3ee98 000000000000000e
0x0000000020a3edf0:   0000000020a3ee50 0000000019fba800
0x0000000020a3ee00:   0000000018f03d40 0000000000000182
0x0000000020a3ee10:   000000006b153510 000000006b13c6c8
0x0000000020a3ee20:   0000000002b5abd0 000000006ac7f3bd
0x0000000020a3ee30:   000000000000000e 0000000020a3ecd0
0x0000000020a3ee40:   0000000020a3eea0 000000006ac7c6b5
0x0000000020a3ee50:   0000000019fba800 0000000019b20968
0x0000000020a3ee60:   00000000198ee974 000000006b2d5d40
0x0000000020a3ee70:   0000000000000437 00000001800028df
0x0000000020a3ee80:   0000000000000437 000000006b2d5d40
0x0000000020a3ee90:   0000000017756a70 0000000019b20968 

Instructions: (pc=0x000000006ac8d028)
0x000000006ac8d008:   83 7b 08 00 0f 84 88 00 00 00 48 83 7c 24 60 00
0x000000006ac8d018:   74 0a 48 8d 4c 24 58 e8 8c c2 12 00 48 8b 7b 48
0x000000006ac8d028:   48 8b 47 10 48 8b 77 08 48 83 38 00 74 15 48 8b
0x000000006ac8d038:   57 28 48 8b ce e8 ce f5 f7 ff 48 8b 4f 10 e8 b5 


Register to memory mapping:

RAX=0x00000000177a4a18 is an unknown value
RBX=0x0000000019fba800 is an unknown value
RCX=0x0000000020a3edf8 is pointing into the stack for thread: 0x0000000019b4b000
RDX=0x0000000000000000 is an unknown value
RSP=0x0000000020a3eda0 is pointing into the stack for thread: 0x0000000019b4b000
RBP=0x0000000020a3ee98 is pointing into the stack for thread: 0x0000000019b4b000
RSI=0x0000000019b20fa0 is an unknown value
RDI=0x0000000000000000 is an unknown value
R8 =0x0000000000000000 is an unknown value
R9 =0x0000000019c9c730 is an unknown value
R10=0x0000000019fba800 is an unknown value
R11=0x0000000000000246 is an unknown value
R12=0x0000000019fba9f8 is an unknown value
R13=0x00000000198ee99e is an unknown value
R14=0x0000000000000437 is an unknown value
R15=0x0000000020a3ef50 is pointing into the stack for thread: 0x0000000019b4b000


Stack: [0x0000000020940000,0x0000000020a40000],  sp=0x0000000020a3eda0,  free space=1019k
Native frames: (J=compiled Java code, j=interpreted, Vv=VM code, C=native code)
V  [jvm.dll+0x14d028]
C  [Jpcap.dll+0x28df]
C  [Jpcap.dll+0x23bd]
C  [wpcap.dll+0x23dd4]
C  [wpcap.dll+0x24c80]
C  [Jpcap.dll+0x1e44]
C  0x0000000003060355

Java frames: (J=compiled Java code, j=interpreted, Vv=VM code)
J 1346  jpcap.JpcapCaptor.processPacket(ILjpcap/PacketReceiver;)I (0 bytes) @ 0x00000000030602cf [0x0000000003060280+0x4f]
J 1345 C1 CatchPacket.beginCatch()V (11 bytes) @ 0x000000000305ff24 [0x000000000305fe80+0xa4]
j  mainFrame.run()V+24
j  java.lang.Thread.run()V+11
v  ~StubRoutines::call_stub

---------------  P R O C E S S  ---------------

Java Threads: ( => current thread )
  0x0000000019b4c000 JavaThread "TimerQueue" daemon [_thread_blocked, id=14156, stack(0x0000000020a40000,0x0000000020b40000)]
=>0x0000000019b4b000 JavaThread "Thread-2" [_thread_in_native, id=15536, stack(0x0000000020940000,0x0000000020a40000)]
  0x000000000266d800 JavaThread "DestroyJavaVM" [_thread_blocked, id=12280, stack(0x0000000002a10000,0x0000000002b10000)]
  0x0000000019d32000 JavaThread "AWT-EventQueue-0" [_thread_blocked, id=16948, stack(0x000000001b1f0000,0x000000001b2f0000)]
  0x0000000018eac800 JavaThread "AWT-Windows" daemon [_thread_in_native, id=17356, stack(0x000000001a4a0000,0x000000001a5a0000)]
  0x0000000018eac000 JavaThread "AWT-Shutdown" [_thread_blocked, id=17404, stack(0x000000001a3a0000,0x000000001a4a0000)]
  0x0000000018f03000 JavaThread "Java2D Disposer" daemon [_thread_blocked, id=17160, stack(0x000000001a2a0000,0x000000001a3a0000)]
  0x00000000177bd000 JavaThread "Service Thread" daemon [_thread_blocked, id=15996, stack(0x0000000019410000,0x0000000019510000)]
  0x000000001778a000 JavaThread "C1 CompilerThread2" daemon [_thread_blocked, id=16844, stack(0x0000000019310000,0x0000000019410000)]
  0x0000000017781000 JavaThread "C2 CompilerThread1" daemon [_thread_blocked, id=15048, stack(0x0000000019210000,0x0000000019310000)]
  0x0000000017778000 JavaThread "C2 CompilerThread0" daemon [_thread_blocked, id=3972, stack(0x0000000019110000,0x0000000019210000)]
  0x0000000018b52800 JavaThread "Attach Listener" daemon [_thread_blocked, id=16136, stack(0x0000000019010000,0x0000000019110000)]
  0x0000000017759800 JavaThread "Signal Dispatcher" daemon [_thread_blocked, id=15260, stack(0x0000000018f10000,0x0000000019010000)]
  0x0000000002c06800 JavaThread "Finalizer" daemon [_thread_blocked, id=14364, stack(0x00000000189b0000,0x0000000018ab0000)]
  0x0000000002bfe000 JavaThread "Reference Handler" daemon [_thread_blocked, id=11048, stack(0x00000000188b0000,0x00000000189b0000)]

Other Threads:
  0x0000000017727800 VMThread [stack: 0x00000000187b0000,0x00000000188b0000] [id=9604]
  0x0000000018bbd800 WatcherThread [stack: 0x0000000019510000,0x0000000019610000] [id=15472]

VM state:not at safepoint (normal execution)

VM Mutex/Monitor currently owned by a thread: None

Heap:
 PSYoungGen      total 38400K, used 27037K [0x00000000d5d80000, 0x00000000d8800000, 0x0000000100000000)
  eden space 33280K, 81% used [0x00000000d5d80000,0x00000000d77e7708,0x00000000d7e00000)
  from space 5120K, 0% used [0x00000000d8300000,0x00000000d8300000,0x00000000d8800000)
  to   space 5120K, 0% used [0x00000000d7e00000,0x00000000d7e00000,0x00000000d8300000)
 ParOldGen       total 87552K, used 0K [0x0000000081800000, 0x0000000086d80000, 0x00000000d5d80000)
  object space 87552K, 0% used [0x0000000081800000,0x0000000081800000,0x0000000086d80000)
 Metaspace       used 12801K, capacity 13070K, committed 13312K, reserved 1060864K
  class space    used 1635K, capacity 1749K, committed 1792K, reserved 1048576K

Card table byte_map: [0x0000000011fd0000,0x00000000123d0000] byte_map_base: 0x0000000011bc4000

Marking Bits: (ParMarkBitMap*) 0x000000006b34a5b0
 Begin Bits: [0x0000000012a80000, 0x0000000014a20000)
 End Bits:   [0x0000000014a20000, 0x00000000169c0000)

Polling page: 0x00000000009a0000

CodeCache: size=245760Kb used=5258Kb max_used=5258Kb free=240502Kb
 bounds [0x0000000002c10000, 0x0000000003140000, 0x0000000011c10000]
 total_blobs=2127 nmethods=1628 adapters=411
 compilation: enabled

Compilation events (10 events):
Event: 50.708 Thread 0x0000000017778000 nmethod 1621 0x000000000312df90 code [0x000000000312e0e0, 0x000000000312e1b8]
Event: 50.708 Thread 0x000000001778a000 nmethod 1625 0x000000000312ef90 code [0x000000000312f140, 0x000000000312f978]
Event: 50.708 Thread 0x000000001778a000 1623       3       java.awt.Component::createHierarchyEvents (173 bytes)
Event: 50.709 Thread 0x000000001778a000 nmethod 1623 0x00000000031326d0 code [0x0000000003132900, 0x0000000003133658]
Event: 50.720 Thread 0x000000001778a000 1626       3       sun.java2d.SurfaceData::getSourceSurfaceData (110 bytes)
Event: 50.721 Thread 0x000000001778a000 nmethod 1626 0x0000000003133b10 code [0x0000000003133d00, 0x00000000031348f8]
Event: 50.721 Thread 0x000000001778a000 1627       3       sun.java2d.pipe.DrawImage::blitSurfaceData (145 bytes)
Event: 50.722 Thread 0x000000001778a000 nmethod 1627 0x0000000003134d10 code [0x0000000003134f40, 0x0000000003136138]
Event: 50.722 Thread 0x000000001778a000 1628       3       com.sun.java.swing.plaf.windows.XPStyle$Skin::paintSkin (72 bytes)
Event: 50.723 Thread 0x000000001778a000 nmethod 1628 0x0000000003136910 code [0x0000000003136b20, 0x00000000031375b8]

GC Heap History (0 events):
No events

Deoptimization events (10 events):
Event: 1.121 Thread 0x000000000266d800 Uncommon trap: reason=class_check action=maybe_recompile pc=0x0000000002e2dcd4 method=java.util.HashMap.getNode(ILjava/lang/Object;)Ljava/util/HashMap$Node; @ 126
Event: 1.163 Thread 0x0000000018eac800 Uncommon trap: reason=class_check action=maybe_recompile pc=0x0000000002e830f8 method=java.util.HashMap.putVal(ILjava/lang/Object;Ljava/lang/Object;ZZ)Ljava/lang/Object; @ 203
Event: 1.163 Thread 0x0000000018eac800 Uncommon trap: reason=class_check action=maybe_recompile pc=0x0000000002e8307c method=java.util.HashMap.putVal(ILjava/lang/Object;Ljava/lang/Object;ZZ)Ljava/lang/Object; @ 91
Event: 1.163 Thread 0x0000000018eac800 Uncommon trap: reason=class_check action=maybe_recompile pc=0x0000000002e830f8 method=java.util.HashMap.putVal(ILjava/lang/Object;Ljava/lang/Object;ZZ)Ljava/lang/Object; @ 203
Event: 1.163 Thread 0x0000000018eac800 Uncommon trap: reason=class_check action=maybe_recompile pc=0x0000000002e830f8 method=java.util.HashMap.putVal(ILjava/lang/Object;Ljava/lang/Object;ZZ)Ljava/lang/Object; @ 203
Event: 1.163 Thread 0x0000000018eac800 Uncommon trap: reason=class_check action=maybe_recompile pc=0x0000000002e7d488 method=java.util.HashMap.putVal(ILjava/lang/Object;Ljava/lang/Object;ZZ)Ljava/lang/Object; @ 91
Event: 1.220 Thread 0x000000000266d800 Uncommon trap: reason=unstable_if action=reinterpret pc=0x0000000002e6ec24 method=sun.font.TrueTypeFont.getDirectoryEntry(I)Lsun/font/TrueTypeFont$DirectoryEntry; @ 7
Event: 3.757 Thread 0x0000000019d32000 Uncommon trap: reason=unstable_if action=reinterpret pc=0x0000000002fde3e8 method=sun.font.FileFontStrike.getCachedGlyphPtr(I)J @ 99
Event: 4.419 Thread 0x0000000019d32000 Uncommon trap: reason=unstable_if action=reinterpret pc=0x0000000003014658 method=java.awt.Component.isShowing()Z @ 11
Event: 39.915 Thread 0x0000000019d32000 Uncommon trap: reason=unstable_if action=reinterpret pc=0x000000000300001c method=javax.swing.table.DefaultTableCellRenderer.firePropertyChange(Ljava/lang/String;Ljava/lang/Object;Ljava/lang/Object;)V @ 32

Internal exceptions (10 events):
Event: 0.449 Thread 0x000000000266d800 Exception <a 'java/io/FileNotFoundException'> (0x00000000d6145ab0) thrown at [C:\re\workspace\8-2-build-windows-amd64-cygwin\jdk8u60\4407\hotspot\src\share\vm\prims\jni.cpp, line 709]
Event: 1.061 Thread 0x0000000019b68000 Implicit null exception at 0x0000000002e6569a to 0x0000000002e65721
Event: 3.757 Thread 0x0000000019d32000 Implicit null exception at 0x0000000002fde295 to 0x0000000002fde3d1
Event: 50.854 Thread 0x0000000019fba800 Exception <a 'java/lang/StackOverflowError'> (0x00000000d77410a8) thrown at [C:\re\workspace\8-2-build-windows-amd64-cygwin\jdk8u60\4407\hotspot\src\share\vm\runtime\javaCalls.cpp, line 386]
Event: 50.854 Thread 0x0000000019fba800 Exception <a 'java/lang/StackOverflowError'> (0x00000000d7741110) thrown at [C:\re\workspace\8-2-build-windows-amd64-cygwin\jdk8u60\4407\hotspot\src\share\vm\runtime\javaCalls.cpp, line 386]
Event: 50.854 Thread 0x0000000019fba800 Exception <a 'java/lang/StackOverflowError'> (0x00000000d7741130) thrown at [C:\re\workspace\8-2-build-windows-amd64-cygwin\jdk8u60\4407\hotspot\src\share\vm\runtime\javaCalls.cpp, line 386]
Event: 50.854 Thread 0x0000000019fba800 Exception <a 'java/lang/StackOverflowError'> (0x00000000d7741180) thrown at [C:\re\workspace\8-2-build-windows-amd64-cygwin\jdk8u60\4407\hotspot\src\share\vm\runtime\javaCalls.cpp, line 386]
Event: 50.854 Thread 0x0000000019fba800 Exception <a 'java/lang/StackOverflowError'> (0x00000000d77411a0) thrown at [C:\re\workspace\8-2-build-windows-amd64-cygwin\jdk8u60\4407\hotspot\src\share\vm\runtime\javaCalls.cpp, line 386]
Event: 50.854 Thread 0x0000000019fba800 Exception <a 'java/lang/StackOverflowError'> (0x00000000d7741200) thrown at [C:\re\workspace\8-2-build-windows-amd64-cygwin\jdk8u60\4407\hotspot\src\share\vm\runtime\javaCalls.cpp, line 386]
Event: 50.854 Thread 0x0000000019fba800 Exception <a 'java/lang/StackOverflowError'> (0x00000000d7741668) thrown at [C:\re\workspace\8-2-build-windows-amd64-cygwin\jdk8u60\4407\hotspot\src\share\vm\runtime\javaCalls.cpp, line 386]

Events (10 events):
Event: 39.915 loading class com/sun/java/swing/plaf/windows/WindowsBorders$ComplementDashedBorder
Event: 39.915 loading class com/sun/java/swing/plaf/windows/WindowsBorders$ComplementDashedBorder done
Event: 39.994 loading class javax/swing/Autoscroller
Event: 39.994 loading class javax/swing/Autoscroller done
Event: 41.266 loading class java/util/ArrayList$1
Event: 41.266 loading class java/util/ArrayList$1 done
Event: 48.708 Thread 0x0000000019fba800 Thread added: 0x0000000019fba800
Event: 50.854 Executing VM operation: RevokeBias
Event: 50.854 Executing VM operation: RevokeBias done
Event: 50.854 Thread 0x0000000019fba800 Thread exited: 0x0000000019fba800


Dynamic libraries:
0x00007ff60b530000 - 0x00007ff60b567000 	C:\Program Files\Java\jre1.8.0_60\bin\javaw.exe
0x00007ffc45a90000 - 0x00007ffc45c61000 	C:\windows\SYSTEM32\ntdll.dll
0x00007ffc45540000 - 0x00007ffc455eb000 	C:\windows\System32\KERNEL32.DLL
0x00007ffc42c50000 - 0x00007ffc42e6d000 	C:\windows\System32\KERNELBASE.dll
0x00007ffc44b80000 - 0x00007ffc44c22000 	C:\windows\System32\ADVAPI32.dll
0x00007ffc458f0000 - 0x00007ffc4598e000 	C:\windows\System32\msvcrt.dll
0x00007ffc44b20000 - 0x00007ffc44b79000 	C:\windows\System32\sechost.dll
0x00007ffc453a0000 - 0x00007ffc454c1000 	C:\windows\System32\RPCRT4.dll
0x00007ffc44990000 - 0x00007ffc44af5000 	C:\windows\System32\USER32.dll
0x00007ffc42a80000 - 0x00007ffc42a9e000 	C:\windows\System32\win32u.dll
0x00007ffc44c30000 - 0x00007ffc44c64000 	C:\windows\System32\GDI32.dll
0x00007ffc42e70000 - 0x00007ffc42ff2000 	C:\windows\System32\gdi32full.dll
0x00007ffc3bb70000 - 0x00007ffc3bde9000 	C:\windows\WinSxS\amd64_microsoft.windows.common-controls_6595b64144ccf1df_6.0.14393.0_none_2d0f50fcbdb171b8\COMCTL32.dll
0x00007ffc44650000 - 0x00007ffc44917000 	C:\windows\System32\combase.dll
0x00007ffc42b50000 - 0x00007ffc42c45000 	C:\windows\System32\ucrtbase.dll
0x00007ffc422d0000 - 0x00007ffc4233a000 	C:\windows\System32\bcryptPrimitives.dll
0x00007ffc452a0000 - 0x00007ffc452ce000 	C:\windows\System32\IMM32.DLL
0x00007ffc40e60000 - 0x00007ffc40e92000 	C:\windows\system32\nvinitx.dll
0x00007ffc40e50000 - 0x00007ffc40e5a000 	C:\windows\SYSTEM32\VERSION.dll
0x000000006a8e0000 - 0x000000006a9b2000 	C:\Program Files\Java\jre1.8.0_60\bin\msvcr100.dll
0x000000006ab40000 - 0x000000006b3c9000 	C:\Program Files\Java\jre1.8.0_60\bin\server\jvm.dll
0x00007ffc454d0000 - 0x00007ffc454d8000 	C:\windows\System32\PSAPI.DLL
0x00007ffc3ff30000 - 0x00007ffc3ff53000 	C:\windows\SYSTEM32\WINMM.dll
0x00007ffc32a10000 - 0x00007ffc32a19000 	C:\windows\SYSTEM32\WSOCK32.dll
0x00007ffc445e0000 - 0x00007ffc4464a000 	C:\windows\System32\WS2_32.dll
0x00000000025e0000 - 0x000000000260b000 	C:\windows\SYSTEM32\WINMMBASE.dll
0x00007ffc42280000 - 0x00007ffc422c2000 	C:\windows\System32\cfgmgr32.dll
0x000000006b8e0000 - 0x000000006b8ef000 	C:\Program Files\Java\jre1.8.0_60\bin\verify.dll
0x000000006aa30000 - 0x000000006aa59000 	C:\Program Files\Java\jre1.8.0_60\bin\java.dll
0x000000006b8c0000 - 0x000000006b8d6000 	C:\Program Files\Java\jre1.8.0_60\bin\zip.dll
0x00007ffc43070000 - 0x00007ffc44578000 	C:\windows\System32\SHELL32.dll
0x00007ffc423a0000 - 0x00007ffc42a7a000 	C:\windows\System32\windows.storage.dll
0x00007ffc41f90000 - 0x00007ffc41fdc000 	C:\windows\System32\powrprof.dll
0x00007ffc454e0000 - 0x00007ffc45532000 	C:\windows\System32\shlwapi.dll
0x00007ffc41f80000 - 0x00007ffc41f8f000 	C:\windows\System32\kernel.appcore.dll
0x00007ffc42aa0000 - 0x00007ffc42b49000 	C:\windows\System32\shcore.dll
0x00007ffc41fe0000 - 0x00007ffc41ff4000 	C:\windows\System32\profapi.dll
0x0000000180000000 - 0x000000018002d000 	C:\Program Files\Java\jre1.8.0_60\bin\Jpcap.dll
0x0000000019610000 - 0x0000000019675000 	C:\windows\SYSTEM32\wpcap.dll
0x00007ffc41630000 - 0x00007ffc41668000 	C:\windows\SYSTEM32\iphlpapi.dll
0x0000000002680000 - 0x000000000269f000 	C:\windows\SYSTEM32\packet.dll
0x00007ffc44980000 - 0x00007ffc44988000 	C:\windows\System32\NSI.dll
0x00007ffc36690000 - 0x00007ffc366a6000 	C:\windows\SYSTEM32\dhcpcsvc6.DLL
0x00007ffc36670000 - 0x00007ffc3668a000 	C:\windows\SYSTEM32\dhcpcsvc.DLL
0x000000006aa10000 - 0x000000006aa2a000 	C:\Program Files\Java\jre1.8.0_60\bin\net.dll
0x00007ffc418a0000 - 0x00007ffc418fc000 	C:\windows\system32\mswsock.dll
0x000000006a740000 - 0x000000006a8d8000 	C:\Program Files\Java\jre1.8.0_60\bin\awt.dll
0x00007ffc452e0000 - 0x00007ffc4539c000 	C:\windows\System32\OLEAUT32.dll
0x00007ffc405c0000 - 0x00007ffc4063a000 	C:\windows\SYSTEM32\apphelp.dll
0x00007ffc3fe70000 - 0x00007ffc3fe96000 	C:\windows\system32\DWMAPI.DLL
0x00007ffc40660000 - 0x00007ffc406f5000 	C:\windows\system32\uxtheme.dll
0x00007ffc44d10000 - 0x00007ffc44e6b000 	C:\windows\System32\MSCTF.dll
0x000000001a5a0000 - 0x000000001a665000 	D:\Program Files (x86)\kingsoft\kingsoft antivirus\kwsui64.dll
0x0000000019970000 - 0x00000000199d2000 	F:\wifi猎豹\kwifi\kwassist64.dll
0x00007ffc455f0000 - 0x00007ffc45727000 	C:\windows\System32\ole32.dll
0x00007ffc3c360000 - 0x00007ffc3c4f9000 	C:\windows\WinSxS\amd64_microsoft.windows.gdiplus_6595b64144ccf1df_1.1.14393.51_none_7bd61ed3ff8affee\gdiplus.dll
0x000000006a6f0000 - 0x000000006a737000 	C:\Program Files\Java\jre1.8.0_60\bin\fontmanager.dll
0x000000006a9f0000 - 0x000000006aa01000 	C:\Program Files\Java\jre1.8.0_60\bin\nio.dll
0x00007ffc44c70000 - 0x00007ffc44d0f000 	C:\windows\System32\clbcatq.dll
0x00007ffc3fac0000 - 0x00007ffc3fc68000 	C:\windows\SYSTEM32\WindowsCodecs.dll
0x00007ffc249d0000 - 0x00007ffc24a19000 	C:\windows\system32\dataexchange.dll
0x00007ffc3eef0000 - 0x00007ffc3f1a6000 	C:\windows\system32\d3d11.dll
0x00007ffc40110000 - 0x00007ffc40261000 	C:\windows\system32\dcomp.dll
0x00007ffc40f00000 - 0x00007ffc40f9f000 	C:\windows\system32\dxgi.dll
0x00007ffc40980000 - 0x00007ffc40a9c000 	C:\windows\system32\twinapi.appcore.dll
0x00007ffc41b50000 - 0x00007ffc41b7b000 	C:\windows\system32\bcrypt.dll
0x000000006a6a0000 - 0x000000006a6e2000 	C:\Program Files\Java\jre1.8.0_60\bin\t2k.dll
0x00007ffc14540000 - 0x00007ffc1472a000 	C:\windows\system32\SogouTSF.ime
0x00007ffc3c2a0000 - 0x00007ffc3c2a7000 	C:\windows\system32\MSIMG32.dll
0x00007ffc10610000 - 0x00007ffc10eab000 	C:\windows\system32\SogouPy.ime
0x00007ffc3c1a0000 - 0x00007ffc3c205000 	C:\windows\SYSTEM32\OLEACC.dll
0x00007ffc41380000 - 0x00007ffc413b2000 	C:\windows\SYSTEM32\ntmarta.dll
0x000000001dc00000 - 0x000000001dcdd000 	D:\新建文件夹\sogoupinyin\8.1.0.8588\Resource.dll
0x00007ffc128d0000 - 0x00007ffc12b06000 	D:\新建文件夹\sogoupinyin\Components\PicFace\1.0.0.1503\PicFace64.dll
0x00007ffc30c40000 - 0x00007ffc30dd2000 	C:\windows\SYSTEM32\dbghelp.dll

VM Arguments:
jvm_args: -Dfile.encoding=GBK -Xbootclasspath:C:\Program Files\Java\jre1.8.0_60\lib\resources.jar;C:\Program Files\Java\jre1.8.0_60\lib\rt.jar;C:\Program Files\Java\jre1.8.0_60\lib\jsse.jar;C:\Program Files\Java\jre1.8.0_60\lib\jce.jar;C:\Program Files\Java\jre1.8.0_60\lib\charsets.jar;C:\Program Files\Java\jre1.8.0_60\lib\jfr.jar 
java_command: main
java_class_path (initial): F:\JavaPro\RoyCapture\bin
Launcher Type: SUN_STANDARD

Environment Variables:
JAVA_HOME=C:\Program Files\Java\jdk1.8.0_60
CLASSPATH=.;.;C:\PROGRA~2\JMF21~1.1E\lib\sound.jar;C:\PROGRA~2\JMF21~1.1E\lib\jmf.jar;C:\PROGRA~2\JMF21~1.1E\lib;
PATH=C:/Program Files/Java/jre1.8.0_60/bin/server;C:/Program Files/Java/jre1.8.0_60/bin;C:/Program Files/Java/jre1.8.0_60/lib/amd64;G:\app\Administrator\product\11.2.0\dbhome_1\bin;C:\Program Files\Dell\DW WLAN Card;;;;;;;C:\ProgramData\Oracle\Java\javapath;C:\Program Files (x86)\Intel\iCLS Client\;C:\Program Files\Intel\iCLS Client\;C:\windows\system32;C:\windows;C:\windows\System32\Wbem;C:\windows\System32\WindowsPowerShell\v1.0\;C:\Program Files\Lenovo\Bluetooth Software\;C:\Program Files\Lenovo\Bluetooth Software\syswow64;C:\Program Files\Intel\Intel(R) Management Engine Components\DAL;C:\Program Files\Intel\Intel(R) Management Engine Components\IPT;C:\Program Files (x86)\Intel\Intel(R) Management Engine Components\DAL;C:\Program Files (x86)\Intel\Intel(R) Management Engine Components\IPT;C:\Program Files\Java\jdk1.8.0_60\bin;C:\Program Files\Java\jdk1.8.0_60\jre\bin;C:\Python27;C:\Python27\Scripts;F:\androidSDK\adt-bundle-windows-x86-20130917.467161976\adt-bundle-windows-x86-20130917\sdk\tools;F:\matlab\runtime\win64;F:\matlab\bin;F:\matlab\polyspace\bin;F:\R2015b\runtime\win64;F:\R2015b\bin;F:\R2015b\polyspace\bin;F:\LINGO14\;F:\winEdt\miktex\bin\x64\;C:\Program Files (x86)\Microsoft SQL Server\100\Tools\Binn\;C:\Program Files\Microsoft SQL Server\100\Tools\Binn\;C:\Program Files\Microsoft SQL Server\100\DTS\Binn\;C:\Program Files (x86)\NVIDIA Corporation\PhysX\Common\;C:\Program Files\Java\jdk1.8.0_60\JMF2.1.1e\bin;F:\Clang\LLVM\bin;F:\Clang\mingw64\bin;C:\windows\system32;C:\windows;C:\windows\System32\Wbem;C:\windows\System32\WindowsPowerShell\v1.0\;C:\Program Files (x86)\Lua\5.1;C:\Program Files (x86)\Lua\5.1\clibs;C:\Program Files\Microsoft SQL Server\130\Tools\Binn\;C:\Program Files (x86)\Windows Kits\10\Windows Performance Toolkit\;C:\Users\Administrator\AppData\Local\Microsoft\WindowsApps;C:\eclipse\eclipse-jee-mars-R-win32-x86_64\eclipse;
USERNAME=Administrator
OS=Windows_NT
PROCESSOR_IDENTIFIER=Intel64 Family 6 Model 69 Stepping 1, GenuineIntel



---------------  S Y S T E M  ---------------

OS: Windows 10.0 , 64 bit Build 14393 (10.0.14393.0)

CPU:total 4 (2 cores per cpu, 2 threads per core) family 6 model 69 stepping 1, cmov, cx8, fxsr, mmx, sse, sse2, sse3, ssse3, sse4.1, sse4.2, popcnt, avx, avx2, aes, clmul, erms, lzcnt, ht, tsc, tscinvbit, bmi1, bmi2

Memory: 4k page, physical 8290124k(2256820k free), swap 13533004k(5096980k free)

vm_info: Java HotSpot(TM) 64-Bit Server VM (25.60-b23) for windows-amd64 JRE (1.8.0_60-b27), built on Aug  4 2015 11:06:27 by "java_re" with MS VC++ 10.0 (VS2010)

time: Wed Dec 07 11:32:41 2016
elapsed time: 50 seconds (0d 0h 0m 50s)

