#
# A fatal error has been detected by the Java Runtime Environment:
#
#  EXCEPTION_ACCESS_VIOLATION (0xc0000005) at pc=0x000000006ac461f8, pid=2008, tid=18228
#
# JRE version: Java(TM) SE Runtime Environment (8.0_60-b27) (build 1.8.0_60-b27)
# Java VM: Java HotSpot(TM) 64-Bit Server VM (25.60-b23 mixed mode windows-amd64 compressed oops)
# Problematic frame:
# V  [jvm.dll+0x1061f8]
#
# Failed to write core dump. Minidumps are not enabled by default on client versions of Windows
#
# If you would like to submit a bug report, please visit:
#   http://bugreport.java.com/bugreport/crash.jsp
# The crash happened outside the Java Virtual Machine in native code.
# See problematic frame for where to report the bug.
#

---------------  T H R E A D  ---------------

Current thread (0x000000001a4dd800):  JavaThread "Thread-5" [_thread_in_native, id=18228, stack(0x0000000022110000,0x0000000022210000)]

siginfo: ExceptionCode=0xc0000005, reading address 0x00000006bf051400

Registers:
RAX=0x00000006bf051400, RBX=0x0000000018cff860, RCX=0x00000006bf051400, RDX=0x0000000100060828
RSP=0x000000002220eda0, RBP=0x000000002220eef0, RSI=0x0000000016e31138, RDI=0x0000000000000001
R8 =0x0000000000000000, R9 =0x000000001b494000, R10=0x000000001b494000, R11=0x000000006b2d5d40
R12=0x0000000000000042, R13=0x000000001b494000, R14=0x0000000000000001, R15=0x000000002220efb8
RIP=0x000000006ac461f8, EFLAGS=0x0000000000010206

Top of Stack: (sp=0x000000002220eda0)
0x000000002220eda0:   000000001b494000 00000000189b3d68
0x000000002220edb0:   000000002220ef58 00000000000003d8
0x000000002220edc0:   00000000189b3a40 000000001b4941f8
0x000000002220edd0:   000000001b494000 0000000000000042
0x000000002220ede0:   0000000000000001 000000006ac87511
0x000000002220edf0:   0000000018cff860 000000002220eef0
0x000000002220ee00:   0000000016e31138 000000001b494000
0x000000002220ee10:   000000002220eec8 0000000018cff860
0x000000002220ee20:   0000000000000002 00000000000014eb
0x000000002220ee30:   0000000000000020 0000000000000182
0x000000002220ee40:   000000002220efe8 000000006b13c6c8
0x000000002220ee50:   0000000018cfe8f0 000000001b4941f8
0x000000002220ee60:   000000000000000e 000000002220ee18
0x000000002220ee70:   000000002220ee59 0000000800000002
0x000000002220ee80:   000000001b494000 000000001a318858
0x000000002220ee90:   00005053fff6e2ce 0000000000000034 

Instructions: (pc=0x000000006ac461f8)
0x000000006ac461d8:   cc cc cc cc cc cc cc cc 48 89 5c 24 08 48 89 6c
0x000000006ac461e8:   24 10 48 89 74 24 18 57 41 54 41 55 48 83 ec 30
0x000000006ac461f8:   48 8b 01 49 8b e9 4d 63 e8 48 8b f2 4c 8b e1 ff
0x000000006ac46208:   50 70 4c 63 d0 49 8b cc 4b 8d bc d4 b8 01 00 00 


Register to memory mapping:

RAX=0x00000006bf051400 is an unknown value
RBX=0x0000000018cff860 is an unknown value
RCX=0x00000006bf051400 is an unknown value
RDX=0x0000000100060828 is pointing into metadata
RSP=0x000000002220eda0 is pointing into the stack for thread: 0x000000001a4dd800
RBP=0x000000002220eef0 is pointing into the stack for thread: 0x000000001a4dd800
RSI={method} {0x0000000016e31140} 'receivePacket' '(Ljpcap/packet/Packet;)V' in 'jpcap/PacketReceiver'
RDI=0x0000000000000001 is an unknown value
R8 =0x0000000000000000 is an unknown value
R9 =0x000000001b494000 is a thread
R10=0x000000001b494000 is a thread
R11=0x000000006b2d5d40 is an unknown value
R12=0x0000000000000042 is an unknown value
R13=0x000000001b494000 is a thread
R14=0x0000000000000001 is an unknown value
R15=0x000000002220efb8 is pointing into the stack for thread: 0x000000001a4dd800


Stack: [0x0000000022110000,0x0000000022210000],  sp=0x000000002220eda0,  free space=1019k
Native frames: (J=compiled Java code, j=interpreted, Vv=VM code, C=native code)
V  [jvm.dll+0x1061f8]
V  [jvm.dll+0x147511]
V  [jvm.dll+0x14d007]
C  [Jpcap.dll+0x23e1]
C  [wpcap.dll+0x23dd4]
C  [wpcap.dll+0x24c80]
C  [Jpcap.dll+0x1e44]
C  0x0000000002ee7dd5

Java frames: (J=compiled Java code, j=interpreted, Vv=VM code)
J 1904  jpcap.JpcapCaptor.processPacket(ILjpcap/PacketReceiver;)I (0 bytes) @ 0x0000000002ee7d4f [0x0000000002ee7d00+0x4f]
J 1903 C1 CatchPacket.beginCatch()V (11 bytes) @ 0x0000000002ee79a4 [0x0000000002ee7900+0xa4]
j  mainFrame.run()V+24
j  java.lang.Thread.run()V+11
v  ~StubRoutines::call_stub

---------------  P R O C E S S  ---------------

Java Threads: ( => current thread )
  0x000000001b494000 JavaThread "Thread-6" [_thread_in_native, id=16112, stack(0x0000000022210000,0x0000000022310000)]
=>0x000000001a4dd800 JavaThread "Thread-5" [_thread_in_native, id=18228, stack(0x0000000022110000,0x0000000022210000)]
  0x000000001af44000 JavaThread "TimerQueue" daemon [_thread_blocked, id=18032, stack(0x0000000021040000,0x0000000021140000)]
  0x000000000266d800 JavaThread "DestroyJavaVM" [_thread_blocked, id=17436, stack(0x0000000002670000,0x0000000002770000)]
  0x000000001a365000 JavaThread "AWT-EventQueue-0" [_thread_blocked, id=18360, stack(0x000000001adb0000,0x000000001aeb0000)]
  0x0000000018d06800 JavaThread "AWT-Windows" daemon [_thread_in_native, id=18136, stack(0x00000000198d0000,0x00000000199d0000)]
  0x0000000018d06000 JavaThread "AWT-Shutdown" [_thread_blocked, id=16180, stack(0x00000000197d0000,0x00000000198d0000)]
  0x0000000018cff000 JavaThread "Java2D Disposer" daemon [_thread_blocked, id=13376, stack(0x0000000019660000,0x0000000019760000)]
  0x00000000189ac800 JavaThread "Service Thread" daemon [_thread_blocked, id=17764, stack(0x0000000019030000,0x0000000019130000)]
  0x0000000018940800 JavaThread "C1 CompilerThread2" daemon [_thread_blocked, id=14016, stack(0x0000000018f30000,0x0000000019030000)]
  0x0000000018937800 JavaThread "C2 CompilerThread1" daemon [_thread_blocked, id=17576, stack(0x0000000018e30000,0x0000000018f30000)]
  0x000000001741c800 JavaThread "C2 CompilerThread0" daemon [_thread_blocked, id=15600, stack(0x0000000018d30000,0x0000000018e30000)]
  0x000000001741a800 JavaThread "Attach Listener" daemon [_thread_blocked, id=16764, stack(0x0000000018830000,0x0000000018930000)]
  0x00000000173b9800 JavaThread "Signal Dispatcher" daemon [_thread_blocked, id=15560, stack(0x0000000018730000,0x0000000018830000)]
  0x0000000002866800 JavaThread "Finalizer" daemon [_thread_blocked, id=2044, stack(0x0000000018630000,0x0000000018730000)]
  0x000000000285e000 JavaThread "Reference Handler" daemon [_thread_blocked, id=18200, stack(0x0000000018530000,0x0000000018630000)]

Other Threads:
  0x0000000017387800 VMThread [stack: 0x0000000018430000,0x0000000018530000] [id=16224]
  0x00000000189e6800 WatcherThread [stack: 0x0000000019130000,0x0000000019230000] [id=14568]

VM state:not at safepoint (normal execution)

VM Mutex/Monitor currently owned by a thread: None

Heap:
 PSYoungGen      total 38400K, used 16587K [0x00000000d5d80000, 0x00000000d8800000, 0x0000000100000000)
  eden space 33280K, 34% used [0x00000000d5d80000,0x00000000d68b69f8,0x00000000d7e00000)
  from space 5120K, 99% used [0x00000000d7e00000,0x00000000d82fc330,0x00000000d8300000)
  to   space 5120K, 0% used [0x00000000d8300000,0x00000000d8300000,0x00000000d8800000)
 ParOldGen       total 87552K, used 302K [0x0000000081800000, 0x0000000086d80000, 0x00000000d5d80000)
  object space 87552K, 0% used [0x0000000081800000,0x000000008184baf8,0x0000000086d80000)
 Metaspace       used 12954K, capacity 13198K, committed 13312K, reserved 1060864K
  class space    used 1634K, capacity 1749K, committed 1792K, reserved 1048576K

Card table byte_map: [0x0000000011c30000,0x0000000012030000] byte_map_base: 0x0000000011824000

Marking Bits: (ParMarkBitMap*) 0x000000006b34a5b0
 Begin Bits: [0x00000000126e0000, 0x0000000014680000)
 End Bits:   [0x0000000014680000, 0x0000000016620000)

Polling page: 0x00000000008e0000

CodeCache: size=245760Kb used=6852Kb max_used=6858Kb free=238908Kb
 bounds [0x0000000002870000, 0x0000000002f30000, 0x0000000011870000]
 total_blobs=2474 nmethods=1976 adapters=409
 compilation: enabled

Compilation events (10 events):
Event: 11.863 Thread 0x0000000018940800 1974       3       javax.swing.JTable::rowAtPoint (48 bytes)
Event: 11.864 Thread 0x0000000018940800 nmethod 1974 0x0000000002f1b6d0 code [0x0000000002f1b880, 0x0000000002f1c0e8]
Event: 11.864 Thread 0x0000000018940800 1976       3       javax.swing.plaf.basic.BasicTableUI::paintGrid (299 bytes)
Event: 11.866 Thread 0x0000000018940800 nmethod 1976 0x0000000002f1c450 code [0x0000000002f1c6e0, 0x0000000002f1ddf8]
Event: 11.866 Thread 0x0000000018940800 1975       3       javax.swing.JTable::columnAtPoint (35 bytes)
Event: 11.867 Thread 0x0000000018940800 nmethod 1975 0x0000000002f1e990 code [0x0000000002f1eb20, 0x0000000002f1f0a8]
Event: 11.867 Thread 0x0000000018940800 1977       1       javax.swing.JTable::getShowHorizontalLines (5 bytes)
Event: 11.867 Thread 0x0000000018940800 nmethod 1977 0x0000000002f1f250 code [0x0000000002f1f3a0, 0x0000000002f1f4b0]
Event: 11.867 Thread 0x0000000018940800 1978       1       javax.swing.JTable::getShowVerticalLines (5 bytes)
Event: 11.868 Thread 0x0000000018940800 nmethod 1978 0x0000000002f1f510 code [0x0000000002f1f660, 0x0000000002f1f770]

GC Heap History (2 events):
Event: 4.447 GC heap before
{Heap before GC invocations=1 (full 0):
 PSYoungGen      total 38400K, used 33280K [0x00000000d5d80000, 0x00000000d8800000, 0x0000000100000000)
  eden space 33280K, 100% used [0x00000000d5d80000,0x00000000d7e00000,0x00000000d7e00000)
  from space 5120K, 0% used [0x00000000d8300000,0x00000000d8300000,0x00000000d8800000)
  to   space 5120K, 0% used [0x00000000d7e00000,0x00000000d7e00000,0x00000000d8300000)
 ParOldGen       total 87552K, used 0K [0x0000000081800000, 0x0000000086d80000, 0x00000000d5d80000)
  object space 87552K, 0% used [0x0000000081800000,0x0000000081800000,0x0000000086d80000)
 Metaspace       used 12674K, capacity 12942K, committed 13056K, reserved 1060864K
  class space    used 1630K, capacity 1749K, committed 1792K, reserved 1048576K
Event: 4.455 GC heap after
Heap after GC invocations=1 (full 0):
 PSYoungGen      total 38400K, used 5104K [0x00000000d5d80000, 0x00000000d8800000, 0x0000000100000000)
  eden space 33280K, 0% used [0x00000000d5d80000,0x00000000d5d80000,0x00000000d7e00000)
  from space 5120K, 99% used [0x00000000d7e00000,0x00000000d82fc330,0x00000000d8300000)
  to   space 5120K, 0% used [0x00000000d8300000,0x00000000d8300000,0x00000000d8800000)
 ParOldGen       total 87552K, used 302K [0x0000000081800000, 0x0000000086d80000, 0x00000000d5d80000)
  object space 87552K, 0% used [0x0000000081800000,0x000000008184baf8,0x0000000086d80000)
 Metaspace       used 12674K, capacity 12942K, committed 13056K, reserved 1060864K
  class space    used 1630K, capacity 1749K, committed 1792K, reserved 1048576K
}

Deoptimization events (10 events):
Event: 4.462 Thread 0x000000001a365000 Uncommon trap: reason=unstable_if action=reinterpret pc=0x0000000002b85a40 method=java.lang.ref.SoftReference.get()Ljava/lang/Object; @ 17
Event: 6.802 Thread 0x000000001a365000 Uncommon trap: reason=unstable_if action=reinterpret pc=0x0000000002dbe87c method=javax.swing.JComponent.getInsets(Ljava/awt/Insets;)Ljava/awt/Insets; @ 20
Event: 6.805 Thread 0x000000001a365000 Uncommon trap: reason=unstable_if action=reinterpret pc=0x0000000002c561a8 method=sun.font.FileFontStrike.getCachedGlyphPtr(I)J @ 99
Event: 6.810 Thread 0x000000001a365000 Uncommon trap: reason=unstable_if action=reinterpret pc=0x0000000002d0c730 method=javax.swing.plaf.basic.BasicLabelUI.propertyChange(Ljava/beans/PropertyChangeEvent;)V @ 8
Event: 6.812 Thread 0x000000001a365000 Uncommon trap: reason=unstable_if action=reinterpret pc=0x0000000002e01760 method=javax.swing.JComponent.getInsets(Ljava/awt/Insets;)Ljava/awt/Insets; @ 20
Event: 6.813 Thread 0x000000001a365000 Uncommon trap: reason=unstable_if action=reinterpret pc=0x0000000002de70a4 method=javax.swing.JComponent.getInsets(Ljava/awt/Insets;)Ljava/awt/Insets; @ 20
Event: 6.813 Thread 0x000000001a365000 Uncommon trap: reason=unstable_if action=reinterpret pc=0x0000000002e65460 method=javax.swing.SwingUtilities.layoutCompoundLabelImpl(Ljavax/swing/JComponent;Ljava/awt/FontMetrics;Ljava/lang/String;Ljavax/swing/Icon;IIIILjava/awt/Rectangle;Ljava/awt/Rectang¤²·)¯'@
Event: 11.842 Thread 0x000000001b494000 Uncommon trap: reason=unstable_if action=reinterpret pc=0x0000000002e118dc method=java.awt.Component.setFont(Ljava/awt/Font;)V @ 77
Event: 11.842 Thread 0x000000001b494000 Uncommon trap: reason=unstable_if action=reinterpret pc=0x0000000002e14614 method=java.awt.Color.equals(Ljava/lang/Object;)Z @ 18
Event: 11.842 Thread 0x000000001b494000 Uncommon trap: reason=unstable_if action=reinterpret pc=0x0000000002e4fe48 method=java.awt.Color.equals(Ljava/lang/Object;)Z @ 18

Internal exceptions (10 events):
Event: 6.805 Thread 0x000000001a365000 Implicit null exception at 0x0000000002c56055 to 0x0000000002c56191
Event: 6.812 Thread 0x000000001a365000 Implicit null exception at 0x0000000002dff609 to 0x0000000002e0172d
Event: 6.813 Thread 0x000000001a365000 Implicit null exception at 0x0000000002de6e06 to 0x0000000002de7091
Event: 11.859 Thread 0x000000001b494000 Exception <a 'java/lang/StackOverflowError'> (0x00000000d6833988) thrown at [C:\re\workspace\8-2-build-windows-amd64-cygwin\jdk8u60\4407\hotspot\src\share\vm\runtime\javaCalls.cpp, line 386]
Event: 11.859 Thread 0x000000001b494000 Exception <a 'java/lang/StackOverflowError'> (0x00000000d68339f0) thrown at [C:\re\workspace\8-2-build-windows-amd64-cygwin\jdk8u60\4407\hotspot\src\share\vm\runtime\javaCalls.cpp, line 386]
Event: 11.859 Thread 0x000000001b494000 Exception <a 'java/lang/StackOverflowError'> (0x00000000d6833a10) thrown at [C:\re\workspace\8-2-build-windows-amd64-cygwin\jdk8u60\4407\hotspot\src\share\vm\runtime\javaCalls.cpp, line 386]
Event: 11.859 Thread 0x000000001b494000 Exception <a 'java/lang/StackOverflowError'> (0x00000000d6833a60) thrown at [C:\re\workspace\8-2-build-windows-amd64-cygwin\jdk8u60\4407\hotspot\src\share\vm\runtime\javaCalls.cpp, line 386]
Event: 11.859 Thread 0x000000001b494000 Exception <a 'java/lang/StackOverflowError'> (0x00000000d6833a80) thrown at [C:\re\workspace\8-2-build-windows-amd64-cygwin\jdk8u60\4407\hotspot\src\share\vm\runtime\javaCalls.cpp, line 386]
Event: 11.860 Thread 0x000000001b494000 Exception <a 'java/lang/StackOverflowError'> (0x00000000d6833ae0) thrown at [C:\re\workspace\8-2-build-windows-amd64-cygwin\jdk8u60\4407\hotspot\src\share\vm\runtime\javaCalls.cpp, line 386]
Event: 11.860 Thread 0x000000001b494000 Exception <a 'java/lang/StackOverflowError'> (0x00000000d6833b28) thrown at [C:\re\workspace\8-2-build-windows-amd64-cygwin\jdk8u60\4407\hotspot\src\share\vm\runtime\javaCalls.cpp, line 386]

Events (10 events):
Event: 11.842 Executing VM operation: RevokeBias done
Event: 11.842 Thread 0x000000001b494000 Uncommon trap: trap_request=0xffffff65 fr.pc=0x0000000002e118dc
Event: 11.842 Thread 0x000000001b494000 DEOPT PACKING pc=0x0000000002e118dc sp=0x000000002230ee60
Event: 11.842 Thread 0x000000001b494000 DEOPT UNPACKING pc=0x00000000028b582a sp=0x000000002230eda0 mode 2
Event: 11.842 Thread 0x000000001b494000 Uncommon trap: trap_request=0xffffff65 fr.pc=0x0000000002e14614
Event: 11.842 Thread 0x000000001b494000 DEOPT PACKING pc=0x0000000002e14614 sp=0x000000002230ee70
Event: 11.842 Thread 0x000000001b494000 DEOPT UNPACKING pc=0x00000000028b582a sp=0x000000002230edc8 mode 2
Event: 11.842 Thread 0x000000001b494000 Uncommon trap: trap_request=0xffffff65 fr.pc=0x0000000002e4fe48
Event: 11.842 Thread 0x000000001b494000 DEOPT PACKING pc=0x0000000002e4fe48 sp=0x000000002230ee70
Event: 11.842 Thread 0x000000001b494000 DEOPT UNPACKING pc=0x00000000028b582a sp=0x000000002230edc8 mode 2


Dynamic libraries:
0x00007ff60b530000 - 0x00007ff60b567000 	C:\Program Files\Java\jre1.8.0_60\bin\javaw.exe
0x00007ffc45a90000 - 0x00007ffc45c61000 	C:\windows\SYSTEM32\ntdll.dll
0x00007ffc45540000 - 0x00007ffc455eb000 	C:\windows\System32\KERNEL32.DLL
0x00007ffc42c50000 - 0x00007ffc42e6d000 	C:\windows\System32\KERNELBASE.dll
0x00007ffc44b80000 - 0x00007ffc44c22000 	C:\windows\System32\ADVAPI32.dll
0x00007ffc458f0000 - 0x00007ffc4598e000 	C:\windows\System32\msvcrt.dll
0x00007ffc44b20000 - 0x00007ffc44b79000 	C:\windows\System32\sechost.dll
0x00007ffc453a0000 - 0x00007ffc454c1000 	C:\windows\System32\RPCRT4.dll
0x00007ffc44990000 - 0x00007ffc44af5000 	C:\windows\System32\USER32.dll
0x00007ffc42a80000 - 0x00007ffc42a9e000 	C:\windows\System32\win32u.dll
0x00007ffc44c30000 - 0x00007ffc44c64000 	C:\windows\System32\GDI32.dll
0x00007ffc42e70000 - 0x00007ffc42ff2000 	C:\windows\System32\gdi32full.dll
0x00007ffc3bb70000 - 0x00007ffc3bde9000 	C:\windows\WinSxS\amd64_microsoft.windows.common-controls_6595b64144ccf1df_6.0.14393.0_none_2d0f50fcbdb171b8\COMCTL32.dll
0x00007ffc44650000 - 0x00007ffc44917000 	C:\windows\System32\combase.dll
0x00007ffc42b50000 - 0x00007ffc42c45000 	C:\windows\System32\ucrtbase.dll
0x00007ffc422d0000 - 0x00007ffc4233a000 	C:\windows\System32\bcryptPrimitives.dll
0x00007ffc452a0000 - 0x00007ffc452ce000 	C:\windows\System32\IMM32.DLL
0x00007ffc40e60000 - 0x00007ffc40e92000 	C:\windows\system32\nvinitx.dll
0x00007ffc40e50000 - 0x00007ffc40e5a000 	C:\windows\SYSTEM32\VERSION.dll
0x000000006a8e0000 - 0x000000006a9b2000 	C:\Program Files\Java\jre1.8.0_60\bin\msvcr100.dll
0x000000006ab40000 - 0x000000006b3c9000 	C:\Program Files\Java\jre1.8.0_60\bin\server\jvm.dll
0x00007ffc454d0000 - 0x00007ffc454d8000 	C:\windows\System32\PSAPI.DLL
0x00007ffc3ff30000 - 0x00007ffc3ff53000 	C:\windows\SYSTEM32\WINMM.dll
0x00007ffc3ff00000 - 0x00007ffc3ff2b000 	C:\windows\SYSTEM32\WINMMBASE.dll
0x00007ffc42280000 - 0x00007ffc422c2000 	C:\windows\System32\cfgmgr32.dll
0x00007ffc32a10000 - 0x00007ffc32a19000 	C:\windows\SYSTEM32\WSOCK32.dll
0x00007ffc445e0000 - 0x00007ffc4464a000 	C:\windows\System32\WS2_32.dll
0x000000006b8e0000 - 0x000000006b8ef000 	C:\Program Files\Java\jre1.8.0_60\bin\verify.dll
0x000000006aa30000 - 0x000000006aa59000 	C:\Program Files\Java\jre1.8.0_60\bin\java.dll
0x000000006b8c0000 - 0x000000006b8d6000 	C:\Program Files\Java\jre1.8.0_60\bin\zip.dll
0x00007ffc43070000 - 0x00007ffc44578000 	C:\windows\System32\SHELL32.dll
0x00007ffc423a0000 - 0x00007ffc42a7a000 	C:\windows\System32\windows.storage.dll
0x00007ffc41f90000 - 0x00007ffc41fdc000 	C:\windows\System32\powrprof.dll
0x00007ffc454e0000 - 0x00007ffc45532000 	C:\windows\System32\shlwapi.dll
0x00007ffc41f80000 - 0x00007ffc41f8f000 	C:\windows\System32\kernel.appcore.dll
0x00007ffc42aa0000 - 0x00007ffc42b49000 	C:\windows\System32\shcore.dll
0x00007ffc41fe0000 - 0x00007ffc41ff4000 	C:\windows\System32\profapi.dll
0x0000000180000000 - 0x000000018002d000 	C:\Program Files\Java\jre1.8.0_60\bin\Jpcap.dll
0x0000000019230000 - 0x0000000019295000 	C:\windows\SYSTEM32\wpcap.dll
0x00007ffc41630000 - 0x00007ffc41668000 	C:\windows\SYSTEM32\iphlpapi.dll
0x0000000002640000 - 0x000000000265f000 	C:\windows\SYSTEM32\packet.dll
0x00007ffc44980000 - 0x00007ffc44988000 	C:\windows\System32\NSI.dll
0x00007ffc36690000 - 0x00007ffc366a6000 	C:\windows\SYSTEM32\dhcpcsvc6.DLL
0x00007ffc36670000 - 0x00007ffc3668a000 	C:\windows\SYSTEM32\dhcpcsvc.DLL
0x000000006aa10000 - 0x000000006aa2a000 	C:\Program Files\Java\jre1.8.0_60\bin\net.dll
0x00007ffc418a0000 - 0x00007ffc418fc000 	C:\windows\system32\mswsock.dll
0x000000006a740000 - 0x000000006a8d8000 	C:\Program Files\Java\jre1.8.0_60\bin\awt.dll
0x00007ffc452e0000 - 0x00007ffc4539c000 	C:\windows\System32\OLEAUT32.dll
0x00007ffc405c0000 - 0x00007ffc4063a000 	C:\windows\SYSTEM32\apphelp.dll
0x00007ffc3fe70000 - 0x00007ffc3fe96000 	C:\windows\system32\DWMAPI.DLL
0x00007ffc40660000 - 0x00007ffc406f5000 	C:\windows\system32\uxtheme.dll
0x00007ffc44d10000 - 0x00007ffc44e6b000 	C:\windows\System32\MSCTF.dll
0x00000000199d0000 - 0x0000000019a95000 	D:\Program Files (x86)\kingsoft\kingsoft antivirus\kwsui64.dll
0x0000000019ba0000 - 0x0000000019c02000 	F:\wifiÁÔ±ª\kwifi\kwassist64.dll
0x00007ffc455f0000 - 0x00007ffc45727000 	C:\windows\System32\ole32.dll
0x00007ffc3c360000 - 0x00007ffc3c4f9000 	C:\windows\WinSxS\amd64_microsoft.windows.gdiplus_6595b64144ccf1df_1.1.14393.51_none_7bd61ed3ff8affee\gdiplus.dll
0x000000006a6f0000 - 0x000000006a737000 	C:\Program Files\Java\jre1.8.0_60\bin\fontmanager.dll
0x000000006a9f0000 - 0x000000006aa01000 	C:\Program Files\Java\jre1.8.0_60\bin\nio.dll
0x00007ffc44c70000 - 0x00007ffc44d0f000 	C:\windows\System32\clbcatq.dll
0x00007ffc3fac0000 - 0x00007ffc3fc68000 	C:\windows\SYSTEM32\WindowsCodecs.dll
0x00007ffc249d0000 - 0x00007ffc24a19000 	C:\windows\system32\dataexchange.dll
0x00007ffc40110000 - 0x00007ffc40261000 	C:\windows\system32\dcomp.dll
0x00007ffc3eef0000 - 0x00007ffc3f1a6000 	C:\windows\system32\d3d11.dll
0x00007ffc40f00000 - 0x00007ffc40f9f000 	C:\windows\system32\dxgi.dll
0x00007ffc40980000 - 0x00007ffc40a9c000 	C:\windows\system32\twinapi.appcore.dll
0x00007ffc41b50000 - 0x00007ffc41b7b000 	C:\windows\system32\bcrypt.dll
0x000000006a6a0000 - 0x000000006a6e2000 	C:\Program Files\Java\jre1.8.0_60\bin\t2k.dll
0x00007ffc14540000 - 0x00007ffc1472a000 	C:\windows\system32\SogouTSF.ime
0x00007ffc3c2a0000 - 0x00007ffc3c2a7000 	C:\windows\system32\MSIMG32.dll
0x00007ffc10610000 - 0x00007ffc10eab000 	C:\windows\system32\SogouPy.ime
0x00007ffc3c1a0000 - 0x00007ffc3c205000 	C:\windows\SYSTEM32\OLEACC.dll
0x00007ffc41380000 - 0x00007ffc413b2000 	C:\windows\SYSTEM32\ntmarta.dll
0x000000001d830000 - 0x000000001d90d000 	D:\ÐÂ½¨ÎÄ¼þ¼Ð\sogoupinyin\8.1.0.8588\Resource.dll
0x00007ffc128d0000 - 0x00007ffc12b06000 	D:\ÐÂ½¨ÎÄ¼þ¼Ð\sogoupinyin\Components\PicFace\1.0.0.1503\PicFace64.dll
0x00007ffc3fcb0000 - 0x00007ffc3fe35000 	C:\windows\SYSTEM32\PROPSYS.dll
0x00007ffc23f90000 - 0x00007ffc23fd2000 	C:\windows\SYSTEM32\edputil.dll
0x00007ffc2fdf0000 - 0x00007ffc2ffb2000 	C:\windows\SYSTEM32\urlmon.dll
0x00007ffc39c20000 - 0x00007ffc39ec1000 	C:\windows\SYSTEM32\iertutil.dll
0x00007ffc41c70000 - 0x00007ffc41c9c000 	C:\windows\SYSTEM32\SspiCli.dll
0x00007ffc30c40000 - 0x00007ffc30dd2000 	C:\windows\SYSTEM32\dbghelp.dll

VM Arguments:
jvm_args: -Dfile.encoding=GBK -Xbootclasspath:C:\Program Files\Java\jre1.8.0_60\lib\resources.jar;C:\Program Files\Java\jre1.8.0_60\lib\rt.jar;C:\Program Files\Java\jre1.8.0_60\lib\jsse.jar;C:\Program Files\Java\jre1.8.0_60\lib\jce.jar;C:\Program Files\Java\jre1.8.0_60\lib\charsets.jar;C:\Program Files\Java\jre1.8.0_60\lib\jfr.jar 
java_command: main
java_class_path (initial): F:\JavaPro\RoyCapture\bin
Launcher Type: SUN_STANDARD

Environment Variables:
JAVA_HOME=C:\Program Files\Java\jdk1.8.0_60
CLASSPATH=.;.;C:\PROGRA~2\JMF21~1.1E\lib\sound.jar;C:\PROGRA~2\JMF21~1.1E\lib\jmf.jar;C:\PROGRA~2\JMF21~1.1E\lib;
PATH=C:/Program Files/Java/jre1.8.0_60/bin/server;C:/Program Files/Java/jre1.8.0_60/bin;C:/Program Files/Java/jre1.8.0_60/lib/amd64;G:\app\Administrator\product\11.2.0\dbhome_1\bin;C:\Program Files\Dell\DW WLAN Card;;;;;;;C:\ProgramData\Oracle\Java\javapath;C:\Program Files (x86)\Intel\iCLS Client\;C:\Program Files\Intel\iCLS Client\;C:\windows\system32;C:\windows;C:\windows\System32\Wbem;C:\windows\System32\WindowsPowerShell\v1.0\;C:\Program Files\Lenovo\Bluetooth Software\;C:\Program Files\Lenovo\Bluetooth Software\syswow64;C:\Program Files\Intel\Intel(R) Management Engine Components\DAL;C:\Program Files\Intel\Intel(R) Management Engine Components\IPT;C:\Program Files (x86)\Intel\Intel(R) Management Engine Components\DAL;C:\Program Files (x86)\Intel\Intel(R) Management Engine Components\IPT;C:\Program Files\Java\jdk1.8.0_60\bin;C:\Program Files\Java\jdk1.8.0_60\jre\bin;C:\Python27;C:\Python27\Scripts;F:\androidSDK\adt-bundle-windows-x86-20130917.467161976\adt-bundle-windows-x86-20130917\sdk\tools;F:\matlab\runtime\win64;F:\matlab\bin;F:\matlab\polyspace\bin;F:\R2015b\runtime\win64;F:\R2015b\bin;F:\R2015b\polyspace\bin;F:\LINGO14\;F:\winEdt\miktex\bin\x64\;C:\Program Files (x86)\Microsoft SQL Server\100\Tools\Binn\;C:\Program Files\Microsoft SQL Server\100\Tools\Binn\;C:\Program Files\Microsoft SQL Server\100\DTS\Binn\;C:\Program Files (x86)\NVIDIA Corporation\PhysX\Common\;C:\Program Files\Java\jdk1.8.0_60\JMF2.1.1e\bin;F:\Clang\LLVM\bin;F:\Clang\mingw64\bin;C:\windows\system32;C:\windows;C:\windows\System32\Wbem;C:\windows\System32\WindowsPowerShell\v1.0\;C:\Program Files (x86)\Lua\5.1;C:\Program Files (x86)\Lua\5.1\clibs;C:\Program Files\Microsoft SQL Server\130\Tools\Binn\;C:\Program Files (x86)\Windows Kits\10\Windows Performance Toolkit\;C:\Users\Administrator\AppData\Local\Microsoft\WindowsApps;C:\eclipse\eclipse-jee-mars-R-win32-x86_64\eclipse;
USERNAME=Administrator
OS=Windows_NT
PROCESSOR_IDENTIFIER=Intel64 Family 6 Model 69 Stepping 1, GenuineIntel



---------------  S Y S T E M  ---------------

OS: Windows 10.0 , 64 bit Build 14393 (10.0.14393.0)

CPU:total 4 (2 cores per cpu, 2 threads per core) family 6 model 69 stepping 1, cmov, cx8, fxsr, mmx, sse, sse2, sse3, ssse3, sse4.1, sse4.2, popcnt, avx, avx2, aes, clmul, erms, lzcnt, ht, tsc, tscinvbit, bmi1, bmi2

Memory: 4k page, physical 8290124k(2033204k free), swap 13533004k(4825668k free)

vm_info: Java HotSpot(TM) 64-Bit Server VM (25.60-b23) for windows-amd64 JRE (1.8.0_60-b27), built on Aug  4 2015 11:06:27 by "java_re" with MS VC++ 10.0 (VS2010)

time: Wed Dec 07 13:00:30 2016
elapsed time: 11 seconds (0d 0h 0m 11s)

